<?xml version="1.0" encoding="UTF-8"?>
<!-- Generated by org.testng.reporters.JUnitReportReporter -->
<testsuite hostname="ADIW58ZLPC0131" failures="0" tests="1" name="com.testcases.PriceCompareTest" time="13.978" errors="0" timestamp="04 Jan 2021 11:50:14 GMT" skipped="0">
  <testcase classname="com.testcases.PriceCompareTest" name="ComparePrice" time="13.978"/>
</testsuite> <!-- com.testcases.PriceCompareTest -->
